[debug] [2026-06-17T08:23:04.678Z] ----------------------------------------------------------------------
[debug] [2026-06-17T08:23:04.685Z] Command:       C:\Program Files\nodejs\node.exe C:\Users\ilfan\AppData\Roaming\npm\node_modules\firebase-tools\lib\bin\firebase.js emulators:start --project demo-project --only auth
[debug] [2026-06-17T08:23:04.686Z] CLI Version:   15.12.0
[debug] [2026-06-17T08:23:04.686Z] Platform:      win32
[debug] [2026-06-17T08:23:04.687Z] Node Version:  v20.9.0
[debug] [2026-06-17T08:23:04.687Z] Time:          Wed Jun 17 2026 13:53:04 GMT+0530 (India Standard Time)
[debug] [2026-06-17T08:23:04.687Z] ----------------------------------------------------------------------
[debug] 
[debug] [2026-06-17T08:23:04.691Z] >>> [apiv2][query] GET https://firebase-public.firebaseio.com/cli.json [none]
[info] i  emulators: Starting emulators: auth {"metadata":{"emulator":{"name":"hub"},"message":"Starting emulators: auth"}}
[info] i  emulators: Detected demo project ID "demo-project", emulated services will use a demo configuration and attempts to access non-emulated services for this project will fail. {"metadata":{"emulator":{"name":"hub"},"message":"Detected demo project ID \"demo-project\", emulated services will use a demo configuration and attempts to access non-emulated services for this project will fail."}}
[debug] [2026-06-17T08:23:13.039Z] [logging] Logging Emulator only supports listening on one address (127.0.0.1). Not listening on ::1
[debug] [2026-06-17T08:23:13.040Z] [auth] Authentication Emulator only supports listening on one address (127.0.0.1). Not listening on ::1
[debug] [2026-06-17T08:23:13.041Z] assigned listening specs for emulators {"user":{"hub":[{"address":"127.0.0.1","family":"IPv4","port":4400},{"address":"::1","family":"IPv6","port":4400}],"ui":[{"address":"127.0.0.1","family":"IPv4","port":4000},{"address":"::1","family":"IPv6","port":4000}],"logging":[{"address":"127.0.0.1","family":"IPv4","port":4500}],"auth":[{"address":"127.0.0.1","family":"IPv4","port":9099}]},"metadata":{"message":"assigned listening specs for emulators"}}
[debug] [2026-06-17T08:23:13.065Z] Write emulator hub locator at C:\Users\ilfan\AppData\Local\Temp\hub-demo-project.json
[info] i  ui: downloading ui-v1.15.0.zip... {"metadata":{"emulator":{"name":"ui"},"message":"downloading ui-v1.15.0.zip..."}}
[debug] [2026-06-17T08:23:41.400Z] >>> [apiv2][query] GET https://storage.googleapis.com/firebase-preview-drop/emulator/ui-v1.15.0.zip 
[debug] [2026-06-17T08:23:41.644Z] <<< [apiv2][status] GET https://storage.googleapis.com/firebase-preview-drop/emulator/ui-v1.15.0.zip 200
[debug] [2026-06-17T08:23:41.644Z] <<< [apiv2][body] GET https://storage.googleapis.com/firebase-preview-drop/emulator/ui-v1.15.0.zip [stream]
[debug] [2026-06-17T08:23:42.107Z] Data is 3538469
[debug] [2026-06-17T08:23:42.109Z] [unzip] Entry: client/ (compressed_size=0 bytes, uncompressed_size=0 bytes)
[debug] [2026-06-17T08:23:42.110Z] [unzip] Processing entry: client\
[debug] [2026-06-17T08:23:42.110Z] [unzip] mkdir: C:\Users\ilfan\.cache\firebase\emulators\ui-v1.15.0\client\
[debug] [2026-06-17T08:23:42.114Z] [unzip] Entry: client/favicon-16x16.png (compressed_size=293 bytes, uncompressed_size=293 bytes)
[debug] [2026-06-17T08:23:42.114Z] [unzip] Processing entry: client\favicon-16x16.png
[debug] [2026-06-17T08:23:42.114Z] [unzip] else mkdir: C:\Users\ilfan\.cache\firebase\emulators\ui-v1.15.0\client
[debug] [2026-06-17T08:23:42.116Z] [unzip] Writing file: C:\Users\ilfan\.cache\firebase\emulators\ui-v1.15.0\client\favicon-16x16.png
[debug] [2026-06-17T08:23:42.120Z] [unzip] Entry: client/safari-pinned-tab.svg (compressed_size=1433 bytes, uncompressed_size=2611 bytes)
[debug] [2026-06-17T08:23:42.121Z] [unzip] Processing entry: client\safari-pinned-tab.svg
[debug] [2026-06-17T08:23:42.121Z] [unzip] else mkdir: C:\Users\ilfan\.cache\firebase\emulators\ui-v1.15.0\client
[debug] [2026-06-17T08:23:42.123Z] [unzip] deflating: C:\Users\ilfan\.cache\firebase\emulators\ui-v1.15.0\client\safari-pinned-tab.svg
[debug] [2026-06-17T08:23:42.144Z] <<< [apiv2][status] GET https://firebase-public.firebaseio.com/cli.json 200
[debug] [2026-06-17T08:23:42.145Z] <<< [apiv2][body] GET https://firebase-public.firebaseio.com/cli.json {"cloudBuildErrorAfter":1594252800000,"cloudBuildWarnAfter":1590019200000,"defaultNode10After":1594252800000,"minVersion":"3.0.5","node8DeploysDisabledAfter":1613390400000,"node8RuntimeDisabledAfter":1615809600000,"node8WarnAfter":1600128000000}
[debug] [2026-06-17T08:23:42.176Z] [unzip] Entry: client/favicon.ico (compressed_size=2933 bytes, uncompressed_size=13294 bytes)
[debug] [2026-06-17T08:23:42.176Z] [unzip] Processing entry: client\favicon.ico
[debug] [2026-06-17T08:23:42.177Z] [unzip] else mkdir: C:\Users\ilfan\.cache\firebase\emulators\ui-v1.15.0\client
[debug] [2026-06-17T08:23:42.179Z] [unzip] deflating: C:\Users\ilfan\.cache\firebase\emulators\ui-v1.15.0\client\favicon.ico
[debug] [2026-06-17T08:23:42.187Z] [unzip] Entry: client/index.html (compressed_size=1364 bytes, uncompressed_size=3071 bytes)
[debug] [2026-06-17T08:23:42.187Z] [unzip] Processing entry: client\index.html
[debug] [2026-06-17T08:23:42.188Z] [unzip] else mkdir: C:\Users\ilfan\.cache\firebase\emulators\ui-v1.15.0\client
[debug] [2026-06-17T08:23:42.190Z] [unzip] deflating: C:\Users\ilfan\.cache\firebase\emulators\ui-v1.15.0\client\index.html
[debug] [2026-06-17T08:23:42.197Z] [unzip] Entry: client/android-chrome-192x192.png (compressed_size=2684 bytes, uncompressed_size=2684 bytes)
[debug] [2026-06-17T08:23:42.197Z] [unzip] Processing entry: client\android-chrome-192x192.png
[debug] [2026-06-17T08:23:42.197Z] [unzip] else mkdir: C:\Users\ilfan\.cache\firebase\emulators\ui-v1.15.0\client
[debug] [2026-06-17T08:23:42.199Z] [unzip] Writing file: C:\Users\ilfan\.cache\firebase\emulators\ui-v1.15.0\client\android-chrome-192x192.png
[debug] [2026-06-17T08:23:42.204Z] [unzip] Entry: client/apple-touch-icon.png (compressed_size=2123 bytes, uncompressed_size=2152 bytes)
[debug] [2026-06-17T08:23:42.204Z] [unzip] Processing entry: client\apple-touch-icon.png
[debug] [2026-06-17T08:23:42.205Z] [unzip] else mkdir: C:\Users\ilfan\.cache\firebase\emulators\ui-v1.15.0\client
[debug] [2026-06-17T08:23:42.207Z] [unzip] deflating: C:\Users\ilfan\.cache\firebase\emulators\ui-v1.15.0\client\apple-touch-icon.png
[debug] [2026-06-17T08:23:42.213Z] [unzip] Entry: client/android-chrome-512x512.png (compressed_size=5369 bytes, uncompressed_size=5411 bytes)
[debug] [2026-06-17T08:23:42.213Z] [unzip] Processing entry: client\android-chrome-512x512.png
[debug] [2026-06-17T08:23:42.213Z] [unzip] else mkdir: C:\Users\ilfan\.cache\firebase\emulators\ui-v1.15.0\client
[debug] [2026-06-17T08:23:42.216Z] [unzip] deflating: C:\Users\ilfan\.cache\firebase\emulators\ui-v1.15.0\client\android-chrome-512x512.png
[debug] [2026-06-17T08:23:42.221Z] [unzip] Entry: client/manifest.json (compressed_size=245 bytes, uncompressed_size=551 bytes)
[debug] [2026-06-17T08:23:42.221Z] [unzip] Processing entry: client\manifest.json
[debug] [2026-06-17T08:23:42.221Z] [unzip] else mkdir: C:\Users\ilfan\.cache\firebase\emulators\ui-v1.15.0\client
[debug] [2026-06-17T08:23:42.225Z] [unzip] deflating: C:\Users\ilfan\.cache\firebase\emulators\ui-v1.15.0\client\manifest.json
[debug] [2026-06-17T08:23:42.233Z] [unzip] Entry: client/robots.txt (compressed_size=26 bytes, uncompressed_size=26 bytes)
[debug] [2026-06-17T08:23:42.234Z] [unzip] Processing entry: client\robots.txt
[debug] [2026-06-17T08:23:42.234Z] [unzip] else mkdir: C:\Users\ilfan\.cache\firebase\emulators\ui-v1.15.0\client
[debug] [2026-06-17T08:23:42.237Z] [unzip] Writing file: C:\Users\ilfan\.cache\firebase\emulators\ui-v1.15.0\client\robots.txt
[debug] [2026-06-17T08:23:42.242Z] [unzip] Entry: client/mstile-150x150.png (compressed_size=2034 bytes, uncompressed_size=2034 bytes)
[debug] [2026-06-17T08:23:42.243Z] [unzip] Processing entry: client\mstile-150x150.png
[debug] [2026-06-17T08:23:42.244Z] [unzip] else mkdir: C:\Users\ilfan\.cache\firebase\emulators\ui-v1.15.0\client
[debug] [2026-06-17T08:23:42.246Z] [unzip] Writing file: C:\Users\ilfan\.cache\firebase\emulators\ui-v1.15.0\client\mstile-150x150.png
[debug] [2026-06-17T08:23:42.252Z] [unzip] Entry: client/assets/ (compressed_size=0 bytes, uncompressed_size=0 bytes)
[debug] [2026-06-17T08:23:42.253Z] [unzip] Processing entry: client\assets\
[debug] [2026-06-17T08:23:42.253Z] [unzip] mkdir: C:\Users\ilfan\.cache\firebase\emulators\ui-v1.15.0\client\assets\
[debug] [2026-06-17T08:23:42.256Z] [unzip] Entry: client/assets/index-BX-A56oj.js (compressed_size=582089 bytes, uncompressed_size=2092775 bytes)
[debug] [2026-06-17T08:23:42.256Z] [unzip] Processing entry: client\assets\index-BX-A56oj.js
[debug] [2026-06-17T08:23:42.256Z] [unzip] else mkdir: C:\Users\ilfan\.cache\firebase\emulators\ui-v1.15.0\client\assets
[debug] [2026-06-17T08:23:42.258Z] [unzip] deflating: C:\Users\ilfan\.cache\firebase\emulators\ui-v1.15.0\client\assets\index-BX-A56oj.js
[debug] [2026-06-17T08:23:42.311Z] [unzip] Entry: client/assets/index-CjB9C900.css (compressed_size=35979 bytes, uncompressed_size=298654 bytes)
[debug] [2026-06-17T08:23:42.312Z] [unzip] Processing entry: client\assets\index-CjB9C900.css
[debug] [2026-06-17T08:23:42.312Z] [unzip] else mkdir: C:\Users\ilfan\.cache\firebase\emulators\ui-v1.15.0\client\assets
[debug] [2026-06-17T08:23:42.314Z] [unzip] deflating: C:\Users\ilfan\.cache\firebase\emulators\ui-v1.15.0\client\assets\index-CjB9C900.css
[debug] [2026-06-17T08:23:42.325Z] [unzip] Entry: client/assets/index-BX-A56oj.js.map (compressed_size=2362482 bytes, uncompressed_size=10036679 bytes)
[debug] [2026-06-17T08:23:42.325Z] [unzip] Processing entry: client\assets\index-BX-A56oj.js.map
[debug] [2026-06-17T08:23:42.325Z] [unzip] else mkdir: C:\Users\ilfan\.cache\firebase\emulators\ui-v1.15.0\client\assets
[debug] [2026-06-17T08:23:42.327Z] [unzip] deflating: C:\Users\ilfan\.cache\firebase\emulators\ui-v1.15.0\client\assets\index-BX-A56oj.js.map
[debug] [2026-06-17T08:23:42.515Z] [unzip] Entry: client/assets/extensions/ (compressed_size=0 bytes, uncompressed_size=0 bytes)
[debug] [2026-06-17T08:23:42.516Z] [unzip] Processing entry: client\assets\extensions\
[debug] [2026-06-17T08:23:42.517Z] [unzip] mkdir: C:\Users\ilfan\.cache\firebase\emulators\ui-v1.15.0\client\assets\extensions\
[debug] [2026-06-17T08:23:42.519Z] [unzip] Entry: client/assets/extensions/default-extension.png (compressed_size=1646 bytes, uncompressed_size=1657 bytes)
[debug] [2026-06-17T08:23:42.519Z] [unzip] Processing entry: client\assets\extensions\default-extension.png
[debug] [2026-06-17T08:23:42.519Z] [unzip] else mkdir: C:\Users\ilfan\.cache\firebase\emulators\ui-v1.15.0\client\assets\extensions
[debug] [2026-06-17T08:23:42.521Z] [unzip] deflating: C:\Users\ilfan\.cache\firebase\emulators\ui-v1.15.0\client\assets\extensions\default-extension.png
[debug] [2026-06-17T08:23:42.526Z] [unzip] Entry: client/assets/img/ (compressed_size=0 bytes, uncompressed_size=0 bytes)
[debug] [2026-06-17T08:23:42.527Z] [unzip] Processing entry: client\assets\img\
[debug] [2026-06-17T08:23:42.527Z] [unzip] mkdir: C:\Users\ilfan\.cache\firebase\emulators\ui-v1.15.0\client\assets\img\
[debug] [2026-06-17T08:23:42.529Z] [unzip] Entry: client/assets/img/database.png (compressed_size=29449 bytes, uncompressed_size=29988 bytes)
[debug] [2026-06-17T08:23:42.529Z] [unzip] Processing entry: client\assets\img\database.png
[debug] [2026-06-17T08:23:42.529Z] [unzip] else mkdir: C:\Users\ilfan\.cache\firebase\emulators\ui-v1.15.0\client\assets\img
[debug] [2026-06-17T08:23:42.531Z] [unzip] deflating: C:\Users\ilfan\.cache\firebase\emulators\ui-v1.15.0\client\assets\img\database.png
[debug] [2026-06-17T08:23:42.536Z] [unzip] Entry: client/assets/provider-icons/ (compressed_size=0 bytes, uncompressed_size=0 bytes)
[debug] [2026-06-17T08:23:42.537Z] [unzip] Processing entry: client\assets\provider-icons\
[debug] [2026-06-17T08:23:42.537Z] [unzip] mkdir: C:\Users\ilfan\.cache\firebase\emulators\ui-v1.15.0\client\assets\provider-icons\
[debug] [2026-06-17T08:23:42.539Z] [unzip] Entry: client/assets/provider-icons/auth_service_saml.svg (compressed_size=575 bytes, uncompressed_size=1226 bytes)
[debug] [2026-06-17T08:23:42.540Z] [unzip] Processing entry: client\assets\provider-icons\auth_service_saml.svg
[debug] [2026-06-17T08:23:42.540Z] [unzip] else mkdir: C:\Users\ilfan\.cache\firebase\emulators\ui-v1.15.0\client\assets\provider-icons
[debug] [2026-06-17T08:23:42.542Z] [unzip] deflating: C:\Users\ilfan\.cache\firebase\emulators\ui-v1.15.0\client\assets\provider-icons\auth_service_saml.svg
[debug] [2026-06-17T08:23:42.547Z] [unzip] Entry: client/assets/provider-icons/auth_service_phone.svg (compressed_size=261 bytes, uncompressed_size=414 bytes)
[debug] [2026-06-17T08:23:42.547Z] [unzip] Processing entry: client\assets\provider-icons\auth_service_phone.svg
[debug] [2026-06-17T08:23:42.547Z] [unzip] else mkdir: C:\Users\ilfan\.cache\firebase\emulators\ui-v1.15.0\client\assets\provider-icons
[debug] [2026-06-17T08:23:42.549Z] [unzip] deflating: C:\Users\ilfan\.cache\firebase\emulators\ui-v1.15.0\client\assets\provider-icons\auth_service_phone.svg
[debug] [2026-06-17T08:23:42.553Z] [unzip] Entry: client/assets/provider-icons/auth_service_facebook.svg (compressed_size=289 bytes, uncompressed_size=457 bytes)
[debug] [2026-06-17T08:23:42.553Z] [unzip] Processing entry: client\assets\provider-icons\auth_service_facebook.svg
[debug] [2026-06-17T08:23:42.553Z] [unzip] else mkdir: C:\Users\ilfan\.cache\firebase\emulators\ui-v1.15.0\client\assets\provider-icons
[debug] [2026-06-17T08:23:42.555Z] [unzip] deflating: C:\Users\ilfan\.cache\firebase\emulators\ui-v1.15.0\client\assets\provider-icons\auth_service_facebook.svg
[debug] [2026-06-17T08:23:42.559Z] [unzip] Entry: client/assets/provider-icons/auth_service_game_center.svg (compressed_size=991 bytes, uncompressed_size=3921 bytes)
[debug] [2026-06-17T08:23:42.559Z] [unzip] Processing entry: client\assets\provider-icons\auth_service_game_center.svg
[debug] [2026-06-17T08:23:42.559Z] [unzip] else mkdir: C:\Users\ilfan\.cache\firebase\emulators\ui-v1.15.0\client\assets\provider-icons
[debug] [2026-06-17T08:23:42.561Z] [unzip] deflating: C:\Users\ilfan\.cache\firebase\emulators\ui-v1.15.0\client\assets\provider-icons\auth_service_game_center.svg
[debug] [2026-06-17T08:23:42.566Z] [unzip] Entry: client/assets/provider-icons/auth_service_apple.svg (compressed_size=230 bytes, uncompressed_size=334 bytes)
[debug] [2026-06-17T08:23:42.567Z] [unzip] Processing entry: client\assets\provider-icons\auth_service_apple.svg
[debug] [2026-06-17T08:23:42.567Z] [unzip] else mkdir: C:\Users\ilfan\.cache\firebase\emulators\ui-v1.15.0\client\assets\provider-icons
[debug] [2026-06-17T08:23:42.568Z] [unzip] deflating: C:\Users\ilfan\.cache\firebase\emulators\ui-v1.15.0\client\assets\provider-icons\auth_service_apple.svg
[debug] [2026-06-17T08:23:42.572Z] [unzip] Entry: client/assets/provider-icons/auth_service_github.svg (compressed_size=466 bytes, uncompressed_size=838 bytes)
[debug] [2026-06-17T08:23:42.573Z] [unzip] Processing entry: client\assets\provider-icons\auth_service_github.svg
[debug] [2026-06-17T08:23:42.573Z] [unzip] else mkdir: C:\Users\ilfan\.cache\firebase\emulators\ui-v1.15.0\client\assets\provider-icons
[debug] [2026-06-17T08:23:42.574Z] [unzip] deflating: C:\Users\ilfan\.cache\firebase\emulators\ui-v1.15.0\client\assets\provider-icons\auth_service_github.svg
[debug] [2026-06-17T08:23:42.579Z] [unzip] Entry: client/assets/provider-icons/auth_service_mslive.svg (compressed_size=203 bytes, uncompressed_size=378 bytes)
[debug] [2026-06-17T08:23:42.579Z] [unzip] Processing entry: client\assets\provider-icons\auth_service_mslive.svg
[debug] [2026-06-17T08:23:42.579Z] [unzip] else mkdir: C:\Users\ilfan\.cache\firebase\emulators\ui-v1.15.0\client\assets\provider-icons
[debug] [2026-06-17T08:23:42.581Z] [unzip] deflating: C:\Users\ilfan\.cache\firebase\emulators\ui-v1.15.0\client\assets\provider-icons\auth_service_mslive.svg
[debug] [2026-06-17T08:23:42.585Z] [unzip] Entry: client/assets/provider-icons/auth_service_yahoo.svg (compressed_size=577 bytes, uncompressed_size=1182 bytes)
[debug] [2026-06-17T08:23:42.585Z] [unzip] Processing entry: client\assets\provider-icons\auth_service_yahoo.svg
[debug] [2026-06-17T08:23:42.585Z] [unzip] else mkdir: C:\Users\ilfan\.cache\firebase\emulators\ui-v1.15.0\client\assets\provider-icons
[debug] [2026-06-17T08:23:42.587Z] [unzip] deflating: C:\Users\ilfan\.cache\firebase\emulators\ui-v1.15.0\client\assets\provider-icons\auth_service_yahoo.svg
[debug] [2026-06-17T08:23:42.591Z] [unzip] Entry: client/assets/provider-icons/auth_service_twitter.svg (compressed_size=444 bytes, uncompressed_size=751 bytes)
[debug] [2026-06-17T08:23:42.592Z] [unzip] Processing entry: client\assets\provider-icons\auth_service_twitter.svg
[debug] [2026-06-17T08:23:42.592Z] [unzip] else mkdir: C:\Users\ilfan\.cache\firebase\emulators\ui-v1.15.0\client\assets\provider-icons
[debug] [2026-06-17T08:23:42.593Z] [unzip] deflating: C:\Users\ilfan\.cache\firebase\emulators\ui-v1.15.0\client\assets\provider-icons\auth_service_twitter.svg
[debug] [2026-06-17T08:23:42.597Z] [unzip] Entry: client/assets/provider-icons/auth_service_play_games.svg (compressed_size=565 bytes, uncompressed_size=1173 bytes)
[debug] [2026-06-17T08:23:42.598Z] [unzip] Processing entry: client\assets\provider-icons\auth_service_play_games.svg
[debug] [2026-06-17T08:23:42.598Z] [unzip] else mkdir: C:\Users\ilfan\.cache\firebase\emulators\ui-v1.15.0\client\assets\provider-icons
[debug] [2026-06-17T08:23:42.599Z] [unzip] deflating: C:\Users\ilfan\.cache\firebase\emulators\ui-v1.15.0\client\assets\provider-icons\auth_service_play_games.svg
[debug] [2026-06-17T08:23:42.604Z] [unzip] Entry: client/assets/provider-icons/auth_service_email.svg (compressed_size=228 bytes, uncompressed_size=326 bytes)
[debug] [2026-06-17T08:23:42.604Z] [unzip] Processing entry: client\assets\provider-icons\auth_service_email.svg
[debug] [2026-06-17T08:23:42.604Z] [unzip] else mkdir: C:\Users\ilfan\.cache\firebase\emulators\ui-v1.15.0\client\assets\provider-icons
[debug] [2026-06-17T08:23:42.606Z] [unzip] deflating: C:\Users\ilfan\.cache\firebase\emulators\ui-v1.15.0\client\assets\provider-icons\auth_service_email.svg
[debug] [2026-06-17T08:23:42.610Z] [unzip] Entry: client/assets/provider-icons/auth_service_google.svg (compressed_size=409 bytes, uncompressed_size=720 bytes)
[debug] [2026-06-17T08:23:42.611Z] [unzip] Processing entry: client\assets\provider-icons\auth_service_google.svg
[debug] [2026-06-17T08:23:42.611Z] [unzip] else mkdir: C:\Users\ilfan\.cache\firebase\emulators\ui-v1.15.0\client\assets\provider-icons
[debug] [2026-06-17T08:23:42.612Z] [unzip] deflating: C:\Users\ilfan\.cache\firebase\emulators\ui-v1.15.0\client\assets\provider-icons\auth_service_google.svg
[debug] [2026-06-17T08:23:42.616Z] [unzip] Entry: client/assets/provider-icons/auth_service_oidc.svg (compressed_size=414 bytes, uncompressed_size=858 bytes)
[debug] [2026-06-17T08:23:42.617Z] [unzip] Processing entry: client\assets\provider-icons\auth_service_oidc.svg
[debug] [2026-06-17T08:23:42.617Z] [unzip] else mkdir: C:\Users\ilfan\.cache\firebase\emulators\ui-v1.15.0\client\assets\provider-icons
[debug] [2026-06-17T08:23:42.619Z] [unzip] deflating: C:\Users\ilfan\.cache\firebase\emulators\ui-v1.15.0\client\assets\provider-icons\auth_service_oidc.svg
[debug] [2026-06-17T08:23:42.622Z] [unzip] Entry: client/browserconfig.xml (compressed_size=491 bytes, uncompressed_size=822 bytes)
[debug] [2026-06-17T08:23:42.622Z] [unzip] Processing entry: client\browserconfig.xml
[debug] [2026-06-17T08:23:42.622Z] [unzip] else mkdir: C:\Users\ilfan\.cache\firebase\emulators\ui-v1.15.0\client
[debug] [2026-06-17T08:23:42.624Z] [unzip] deflating: C:\Users\ilfan\.cache\firebase\emulators\ui-v1.15.0\client\browserconfig.xml
[debug] [2026-06-17T08:23:42.628Z] [unzip] Entry: client/favicon-32x32.png (compressed_size=475 bytes, uncompressed_size=475 bytes)
[debug] [2026-06-17T08:23:42.629Z] [unzip] Processing entry: client\favicon-32x32.png
[debug] [2026-06-17T08:23:42.629Z] [unzip] else mkdir: C:\Users\ilfan\.cache\firebase\emulators\ui-v1.15.0\client
[debug] [2026-06-17T08:23:42.630Z] [unzip] Writing file: C:\Users\ilfan\.cache\firebase\emulators\ui-v1.15.0\client\favicon-32x32.png
[debug] [2026-06-17T08:23:42.633Z] [unzip] Entry: server/ (compressed_size=0 bytes, uncompressed_size=0 bytes)
[debug] [2026-06-17T08:23:42.634Z] [unzip] Processing entry: server\
[debug] [2026-06-17T08:23:42.634Z] [unzip] mkdir: C:\Users\ilfan\.cache\firebase\emulators\ui-v1.15.0\server\
[debug] [2026-06-17T08:23:42.636Z] [unzip] Entry: server/server.mjs.map (compressed_size=217845 bytes, uncompressed_size=944978 bytes)
[debug] [2026-06-17T08:23:42.636Z] [unzip] Processing entry: server\server.mjs.map
[debug] [2026-06-17T08:23:42.636Z] [unzip] else mkdir: C:\Users\ilfan\.cache\firebase\emulators\ui-v1.15.0\server
[debug] [2026-06-17T08:23:42.638Z] [unzip] deflating: C:\Users\ilfan\.cache\firebase\emulators\ui-v1.15.0\server\server.mjs.map
[debug] [2026-06-17T08:23:42.658Z] [unzip] Entry: server/server.mjs (compressed_size=276407 bytes, uncompressed_size=933701 bytes)
[debug] [2026-06-17T08:23:42.659Z] [unzip] Processing entry: server\server.mjs
[debug] [2026-06-17T08:23:42.659Z] [unzip] else mkdir: C:\Users\ilfan\.cache\firebase\emulators\ui-v1.15.0\server
[debug] [2026-06-17T08:23:42.661Z] [unzip] deflating: C:\Users\ilfan\.cache\firebase\emulators\ui-v1.15.0\server\server.mjs
[debug] [2026-06-17T08:23:42.716Z] Could not find VSCode notification endpoint: FetchError: request to http://localhost:40001/vscode/notify failed, reason: . If you are not running the Firebase Data Connect VSCode extension, this is expected and not an issue.
[info] 
┌─────────────────────────────────────────────────────────────┐
│ ✔  All emulators ready! It is now safe to connect your app. │
│ i  View Emulator UI at http://127.0.0.1:4000/               │
└─────────────────────────────────────────────────────────────┘

┌────────────────┬────────────────┬────────────────────────────┐
│ Emulator       │ Host:Port      │ View in Emulator UI        │
├────────────────┼────────────────┼────────────────────────────┤
│ Authentication │ 127.0.0.1:9099 │ http://127.0.0.1:4000/auth │
└────────────────┴────────────────┴────────────────────────────┘
  Emulator Hub host: 127.0.0.1 port: 4400
  Other reserved ports: 4500

Issues? Report them at https://github.com/firebase/firebase-tools/issues and attach the *-debug.log files.
 
[debug] [2026-06-17T08:33:30.247Z] ----------------------------------------------------------------------
[debug] [2026-06-17T08:33:30.256Z] Command:       C:\Program Files\nodejs\node.exe C:\Users\ilfan\AppData\Roaming\npm\node_modules\firebase-tools\lib\bin\firebase.js emulators:start --project demo-project --only auth
[debug] [2026-06-17T08:33:30.257Z] CLI Version:   15.12.0
[debug] [2026-06-17T08:33:30.258Z] Platform:      win32
[debug] [2026-06-17T08:33:30.258Z] Node Version:  v20.9.0
[debug] [2026-06-17T08:33:30.258Z] Time:          Wed Jun 17 2026 14:03:30 GMT+0530 (India Standard Time)
[debug] [2026-06-17T08:33:30.258Z] ----------------------------------------------------------------------
[debug] 
[info] i  emulators: Starting emulators: auth {"metadata":{"emulator":{"name":"hub"},"message":"Starting emulators: auth"}}
[info] i  emulators: Detected demo project ID "demo-project", emulated services will use a demo configuration and attempts to access non-emulated services for this project will fail. {"metadata":{"emulator":{"name":"hub"},"message":"Detected demo project ID \"demo-project\", emulated services will use a demo configuration and attempts to access non-emulated services for this project will fail."}}
[debug] [2026-06-17T08:33:39.464Z] [logging] Logging Emulator only supports listening on one address (127.0.0.1). Not listening on ::1
[debug] [2026-06-17T08:33:39.465Z] [auth] Authentication Emulator only supports listening on one address (127.0.0.1). Not listening on ::1
[debug] [2026-06-17T08:33:39.466Z] assigned listening specs for emulators {"user":{"hub":[{"address":"127.0.0.1","family":"IPv4","port":4400},{"address":"::1","family":"IPv6","port":4400}],"ui":[{"address":"127.0.0.1","family":"IPv4","port":4000},{"address":"::1","family":"IPv6","port":4000}],"logging":[{"address":"127.0.0.1","family":"IPv4","port":4500}],"auth":[{"address":"127.0.0.1","family":"IPv4","port":9099}]},"metadata":{"message":"assigned listening specs for emulators"}}
[debug] [2026-06-17T08:33:39.479Z] Found emulator hub locator: {"version":"15.12.0","origins":["http://127.0.0.1:4400","http://[::1]:4400"],"pid":26128}
[debug] [2026-06-17T08:33:39.480Z] Write emulator hub locator at C:\Users\ilfan\AppData\Local\Temp\hub-demo-project.json
[debug] [2026-06-17T08:35:12.322Z] Could not find VSCode notification endpoint: FetchError: request to http://localhost:40001/vscode/notify failed, reason: . If you are not running the Firebase Data Connect VSCode extension, this is expected and not an issue.
[info] 
┌─────────────────────────────────────────────────────────────┐
│ ✔  All emulators ready! It is now safe to connect your app. │
│ i  View Emulator UI at http://127.0.0.1:4000/               │
└─────────────────────────────────────────────────────────────┘

┌────────────────┬────────────────┬────────────────────────────┐
│ Emulator       │ Host:Port      │ View in Emulator UI        │
├────────────────┼────────────────┼────────────────────────────┤
│ Authentication │ 127.0.0.1:9099 │ http://127.0.0.1:4000/auth │
└────────────────┴────────────────┴────────────────────────────┘
  Emulator Hub host: 127.0.0.1 port: 4400
  Other reserved ports: 4500

Issues? Report them at https://github.com/firebase/firebase-tools/issues and attach the *-debug.log files.
 
[debug] [2026-06-17T09:11:09.561Z] ----------------------------------------------------------------------
[debug] [2026-06-17T09:11:09.566Z] Command:       C:\Program Files\nodejs\node.exe C:\Users\ilfan\AppData\Roaming\npm\node_modules\firebase-tools\lib\bin\firebase.js emulators:start --project demo-project --only auth
[debug] [2026-06-17T09:11:09.566Z] CLI Version:   15.12.0
[debug] [2026-06-17T09:11:09.566Z] Platform:      win32
[debug] [2026-06-17T09:11:09.566Z] Node Version:  v20.9.0
[debug] [2026-06-17T09:11:09.567Z] Time:          Wed Jun 17 2026 14:41:09 GMT+0530 (India Standard Time)
[debug] [2026-06-17T09:11:09.567Z] ----------------------------------------------------------------------
[debug] 
[info] i  emulators: Starting emulators: auth {"metadata":{"emulator":{"name":"hub"},"message":"Starting emulators: auth"}}
[info] i  emulators: Detected demo project ID "demo-project", emulated services will use a demo configuration and attempts to access non-emulated services for this project will fail. {"metadata":{"emulator":{"name":"hub"},"message":"Detected demo project ID \"demo-project\", emulated services will use a demo configuration and attempts to access non-emulated services for this project will fail."}}
[debug] [2026-06-17T09:11:13.011Z] [logging] Logging Emulator only supports listening on one address (127.0.0.1). Not listening on ::1
[debug] [2026-06-17T09:11:13.012Z] [auth] Authentication Emulator only supports listening on one address (127.0.0.1). Not listening on ::1
[debug] [2026-06-17T09:11:13.012Z] assigned listening specs for emulators {"user":{"hub":[{"address":"127.0.0.1","family":"IPv4","port":4400},{"address":"::1","family":"IPv6","port":4400}],"ui":[{"address":"127.0.0.1","family":"IPv4","port":4000},{"address":"::1","family":"IPv6","port":4000}],"logging":[{"address":"127.0.0.1","family":"IPv4","port":4500}],"auth":[{"address":"127.0.0.1","family":"IPv4","port":9099}]},"metadata":{"message":"assigned listening specs for emulators"}}
[debug] [2026-06-17T09:11:13.023Z] Found emulator hub locator: {"version":"15.12.0","origins":["http://127.0.0.1:4400","http://[::1]:4400"],"pid":14624}
[debug] [2026-06-17T09:11:13.024Z] Write emulator hub locator at C:\Users\ilfan\AppData\Local\Temp\hub-demo-project.json
[debug] [2026-06-17T09:11:26.255Z] Could not find VSCode notification endpoint: FetchError: request to http://localhost:40001/vscode/notify failed, reason: . If you are not running the Firebase Data Connect VSCode extension, this is expected and not an issue.
[info] 
┌─────────────────────────────────────────────────────────────┐
│ ✔  All emulators ready! It is now safe to connect your app. │
│ i  View Emulator UI at http://127.0.0.1:4000/               │
└─────────────────────────────────────────────────────────────┘

┌────────────────┬────────────────┬────────────────────────────┐
│ Emulator       │ Host:Port      │ View in Emulator UI        │
├────────────────┼────────────────┼────────────────────────────┤
│ Authentication │ 127.0.0.1:9099 │ http://127.0.0.1:4000/auth │
└────────────────┴────────────────┴────────────────────────────┘
  Emulator Hub host: 127.0.0.1 port: 4400
  Other reserved ports: 4500

Issues? Report them at https://github.com/firebase/firebase-tools/issues and attach the *-debug.log files.
 
